
> frontend@0.1.0 dev
> next dev

▲ Next.js 16.1.6 (Turbopack)
- Local:         http://localhost:3000
- Network:       http://192.168.15.178:3000
- Environments: .env.local

✓ Starting...
✓ Ready in 1404ms
Lit is in dev mode. Not recommended for production! See https://lit.dev/msg/dev-mode for more information.
Multiple versions of Lit loaded. Loading multiple versions is not recommended. See https://lit.dev/msg/multiple-versions for more information.
 GET / 200 in 2.8s (compile: 2.4s, render: 464ms)
 GET /admin 200 in 413ms (compile: 389ms, render: 24ms)
 GET /create 200 in 272ms (compile: 263ms, render: 9ms)
 GET /create 200 in 223ms (compile: 35ms, render: 187ms)
 GET /create 200 in 304ms (compile: 116ms, render: 188ms)
 GET /create 200 in 107ms (compile: 39ms, render: 68ms)
 GET / 200 in 36ms (compile: 22ms, render: 14ms)
 GET /ai-agent 200 in 227ms (compile: 216ms, render: 10ms)
✓ Compiled in 221ms
✓ Compiled in 71ms
 GET /ai-agent 200 in 147ms (compile: 30ms, render: 117ms)
 GET /ai-agent 200 in 41ms (compile: 9ms, render: 32ms)
 GET /ai-agent 200 in 82ms (compile: 9ms, render: 72ms)
 GET /ai-agent 200 in 53ms (compile: 9ms, render: 44ms)
 GET /ai-agent 200 in 158ms (compile: 11ms, render: 146ms)
 GET /ai-agent 200 in 89ms (compile: 16ms, render: 73ms)
 GET /ai-agent 200 in 80ms (compile: 18ms, render: 62ms)
 GET /ai-agent 200 in 82ms (compile: 6ms, render: 76ms)
 GET /ai-agent 200 in 63ms (compile: 13ms, render: 50ms)
 GET /ai-agent 200 in 52ms (compile: 7ms, render: 45ms)
 GET /launch 200 in 264ms (compile: 248ms, render: 16ms)
 GET /create 200 in 114ms (compile: 95ms, render: 20ms)
✓ Compiled in 784ms
 GET /create 200 in 601ms (compile: 105ms, render: 495ms)
 GET /admin 200 in 61ms (compile: 40ms, render: 21ms)
 GET /create 200 in 96ms (compile: 53ms, render: 43ms)
 GET /ai-agent 200 in 54ms (compile: 25ms, render: 28ms)
 GET /launch 200 in 54ms (compile: 33ms, render: 21ms)
 GET /trade 200 in 81ms (compile: 68ms, render: 13ms)
✓ Compiled in 232ms
 GET /create 200 in 166ms (compile: 130ms, render: 36ms)
 GET /ai-agent 200 in 51ms (compile: 31ms, render: 20ms)
✓ Compiled in 247ms
✓ Compiled in 94ms
 GET /admin 200 in 134ms (compile: 103ms, render: 31ms)
✓ Compiled in 392ms
 GET /admin 200 in 590ms (compile: 97ms, render: 493ms)
 GET /admin 200 in 105ms (compile: 35ms, render: 70ms)
 GET /ai-agent 200 in 91ms (compile: 58ms, render: 34ms)
✓ Compiled in 1734ms
✓ Compiled in 103ms
 GET / 200 in 113ms (compile: 85ms, render: 28ms)
 GET /ai-agent 200 in 251ms (compile: 123ms, render: 128ms)
 GET /ai-agent 200 in 471ms (compile: 30ms, render: 441ms)
 GET /create?name=Tether&symbol=TETH&desc=Tether+USD+%28TKN%29+is+a+next-generation+utility+token+built+for+the+decentralized+economy.+Designed+with+long-term+stability+and+ecosystem+growth+at+its+core. 200 in 101ms (compile: 84ms, render: 17ms)
 GET /ai-agent 200 in 42ms (compile: 26ms, render: 16ms)
 GET /create?name=PRAGO&symbol=PRAG&desc=PRAGO+%28TKN%29+is+a+next-generation+utility+token+built+for+the+decentralized+economy.+Designed+with+long-term+stability+and+ecosystem+growth+at+its+core. 200 in 56ms (compile: 35ms, render: 21ms)
 GET /token/0x68BC82215DDa94411f3f7b464B9f23dADBb3926f 200 in 1262ms (compile: 1238ms, render: 24ms)
 GET /token/0x68BC82215DDa94411f3f7b464B9f23dADBb3926f 200 in 29ms (compile: 11ms, render: 18ms)
 GET /trade 200 in 77ms (compile: 51ms, render: 26ms)
 GET /launch 200 in 193ms (compile: 144ms, render: 50ms)
 GET /token/0x68BC82215DDa94411f3f7b464B9f23dADBb3926f 200 in 68ms (compile: 33ms, render: 35ms)
 GET /dex 200 in 639ms (compile: 607ms, render: 32ms)
 GET /profile 200 in 895ms (compile: 860ms, render: 35ms)
 GET /profile 200 in 457ms (compile: 31ms, render: 426ms)
 GET /launch 200 in 67ms (compile: 35ms, render: 32ms)
 GET /trade 200 in 59ms (compile: 35ms, render: 23ms)
 GET / 200 in 68ms (compile: 46ms, render: 22ms)
 GET /launch 200 in 54ms (compile: 35ms, render: 19ms)
 GET /admin 200 in 333ms (compile: 305ms, render: 28ms)
[?25h
